3/3/2016 11:18:20 PM	This log contains information about the import schema operation into project 'NopCommerce' on computer 'WIN-5UVBDAP8TRI' by user 'Administrator'.
3/3/2016 11:18:21 PM	Import of database schema has started.
3/3/2016 11:18:38 PM	Gathering database options
3/3/2016 11:18:38 PM	Gathering users
3/3/2016 11:18:38 PM	Gathering roles
3/3/2016 11:18:38 PM	Gathering application roles
3/3/2016 11:18:38 PM	Gathering role memberships
3/3/2016 11:18:38 PM	Gathering filegroups
3/3/2016 11:18:38 PM	Gathering full-text catalogs
3/3/2016 11:18:38 PM	Gathering assemblies
3/3/2016 11:18:38 PM	Gathering certificates
3/3/2016 11:18:38 PM	Gathering asymmetric keys
3/3/2016 11:18:38 PM	Gathering symmetric keys
3/3/2016 11:18:38 PM	Gathering encrypted symmetric keys
3/3/2016 11:18:38 PM	Gathering schemas
3/3/2016 11:18:38 PM	Gathering XML schema collections
3/3/2016 11:18:38 PM	Gathering user-defined data types
3/3/2016 11:18:38 PM	Gathering user-defined types
3/3/2016 11:18:38 PM	Gathering table types
3/3/2016 11:18:38 PM	Gathering unique keys for table types
3/3/2016 11:18:38 PM	Gathering primary keys for table types
3/3/2016 11:18:38 PM	Gathering check constraints for table types
3/3/2016 11:18:38 PM	Gathering default constraints for table types
3/3/2016 11:18:38 PM	Gathering partition functions
3/3/2016 11:18:38 PM	Gathering partition schemes
3/3/2016 11:18:38 PM	Gathering functions
3/3/2016 11:18:38 PM	Gathering encrypted functions
3/3/2016 11:18:38 PM	Gathering aggregates
3/3/2016 11:18:38 PM	Gathering procedures
3/3/2016 11:18:38 PM	Gathering encrypted procedures
3/3/2016 11:18:38 PM	Gathering tables
3/3/2016 11:18:38 PM	Gathering primary keys
3/3/2016 11:18:39 PM	Gathering unique constraints
3/3/2016 11:18:39 PM	Gathering foreign keys
3/3/2016 11:18:39 PM	Gathering default constraints
3/3/2016 11:18:39 PM	Gathering check constraints
3/3/2016 11:18:39 PM	Gathering views
3/3/2016 11:18:39 PM	Gathering encrypted views
3/3/2016 11:18:39 PM	Gathering indexes
3/3/2016 11:18:39 PM	Gathering statistics
3/3/2016 11:18:39 PM	Gathering full-text index stoplists
3/3/2016 11:18:39 PM	Gathering full-text indexes
3/3/2016 11:18:39 PM	Gathering spatial indexes
3/3/2016 11:18:39 PM	Gathering XML indexes
3/3/2016 11:18:39 PM	Gathering encrypted triggers
3/3/2016 11:18:39 PM	Gathering triggers
3/3/2016 11:18:39 PM	Gathering encrypted and clr ddl triggers
3/3/2016 11:18:39 PM	Gathering ddl triggers
3/3/2016 11:18:39 PM	Gathering synonyms
3/3/2016 11:18:39 PM	Gathering defaults
3/3/2016 11:18:39 PM	Gathering data constraint uddt bindings
3/3/2016 11:18:39 PM	Gathering rules
3/3/2016 11:18:39 PM	Gathering data constraint uddt bindings
3/3/2016 11:18:39 PM	Gathering message types
3/3/2016 11:18:39 PM	Gathering queues
3/3/2016 11:18:39 PM	Gathering contracts
3/3/2016 11:18:39 PM	Gathering services
3/3/2016 11:18:39 PM	Gathering event notifications
3/3/2016 11:18:39 PM	Gathering remote service bindings
3/3/2016 11:18:39 PM	Gathering broker priorities
3/3/2016 11:18:39 PM	Gathering signatures
3/3/2016 11:18:39 PM	Gathering data compression options
3/3/2016 11:18:39 PM	Gathering database permissions
3/3/2016 11:18:39 PM	Gathering extended properties
3/3/2016 11:18:39 PM	Gathering credentials
3/3/2016 11:18:39 PM	Gathering logins
3/3/2016 11:18:39 PM	Gathering server audits
3/3/2016 11:18:40 PM	Scanning project for duplicate elements
3/3/2016 11:18:41 PM	Finished duplicate element processing
3/3/2016 11:18:42 PM	Finished importing database.
3/3/2016 11:18:42 PM	A summary of the import was saved to the following location: D:\OneDrive\source\nopcommerce\src\NopCommerce\Import Schema Logs\NopCommerce_20160304041820.log
3/3/2016 11:18:42 PM	Click Finish to continue...
